<?xml version="1.0" encoding="UTF-8"?>
<!-- Generated by org.testng.reporters.JUnitReportReporter -->
<testsuite skipped="0" hostname="mayank" name="testNGannotations.TestAnnotations" tests="5" failures="0" timestamp="22 Apr 2020 19:53:16 GMT" time="0.018" errors="0">
  <testcase name="NegativePriority" time="0.012" classname="testNGannotations.TestAnnotations"/>
  <testcase name="AZeroPriority" time="0.002" classname="testNGannotations.TestAnnotations"/>
  <testcase name="WithoutPriority" time="0.002" classname="testNGannotations.TestAnnotations"/>
  <testcase name="OnePriority" time="0.001" classname="testNGannotations.TestAnnotations"/>
  <testcase name="TwoPriority" time="0.001" classname="testNGannotations.TestAnnotations"/>
</testsuite> <!-- testNGannotations.TestAnnotations -->
